[1126/230435.152:ERROR:directory_reader_win.cc(43)] FindFirstFile: O sistema não pode encontrar o caminho especificado. (0x3)
[1127/003314.431:ERROR:process_reader_win.cc(151)] SuspendThread: Acesso negado. (0x5)
[1127/003314.432:ERROR:process_reader_win.cc(151)] SuspendThread: Acesso negado. (0x5)
[1127/003314.432:ERROR:process_reader_win.cc(151)] SuspendThread: Acesso negado. (0x5)
[1127/003314.432:ERROR:process_reader_win.cc(123)] NtOpenThread: {Acesso Negado} Um processo solicitou acesso a um objeto, mas o direito de acesso não lhe foi concedido. (0xc0000022)
[1127/003314.459:ERROR:exception_snapshot_win.cc(99)] thread ID 10856 not found in process
[1127/003314.511:ERROR:process_reader_win.cc(123)] NtOpenThread: {Acesso Negado} Um processo solicitou acesso a um objeto, mas o direito de acesso não lhe foi concedido. (0xc0000022)
[1127/003314.512:ERROR:exception_snapshot_win.cc(99)] thread ID 9656 not found in process
[1204/000329.610:ERROR:directory_reader_win.cc(43)] FindFirstFile: O sistema não pode encontrar o caminho especificado. (0x3)
[1204/003255.217:ERROR:process_reader_win.cc(151)] SuspendThread: Acesso negado. (0x5)
[1204/003255.217:ERROR:process_reader_win.cc(151)] SuspendThread: Acesso negado. (0x5)
[1204/003255.217:ERROR:process_reader_win.cc(151)] SuspendThread: Acesso negado. (0x5)
[1204/003255.217:ERROR:process_reader_win.cc(151)] SuspendThread: Acesso negado. (0x5)
[1204/003255.217:ERROR:process_reader_win.cc(151)] SuspendThread: Acesso negado. (0x5)
[1204/003255.217:ERROR:process_reader_win.cc(151)] SuspendThread: Acesso negado. (0x5)
[1204/003255.217:ERROR:process_reader_win.cc(151)] SuspendThread: Acesso negado. (0x5)
[1204/003255.218:ERROR:process_reader_win.cc(151)] SuspendThread: Acesso negado. (0x5)
[1204/003255.218:ERROR:process_reader_win.cc(151)] SuspendThread: Acesso negado. (0x5)
[1204/003255.218:ERROR:process_reader_win.cc(151)] SuspendThread: Acesso negado. (0x5)
[1204/003255.218:ERROR:process_reader_win.cc(151)] SuspendThread: Acesso negado. (0x5)
[1204/003255.218:ERROR:process_reader_win.cc(151)] SuspendThread: Acesso negado. (0x5)
[1204/003255.218:ERROR:process_reader_win.cc(151)] SuspendThread: Acesso negado. (0x5)
[1204/003255.218:ERROR:process_reader_win.cc(151)] SuspendThread: Acesso negado. (0x5)
[1204/003255.222:ERROR:process_reader_win.cc(151)] SuspendThread: Acesso negado. (0x5)
[1204/003255.222:ERROR:process_reader_win.cc(151)] SuspendThread: Acesso negado. (0x5)
[1204/003255.222:ERROR:process_reader_win.cc(151)] SuspendThread: Acesso negado. (0x5)
[1204/003255.222:ERROR:process_reader_win.cc(151)] SuspendThread: Acesso negado. (0x5)
[1204/003255.223:ERROR:process_reader_win.cc(151)] SuspendThread: Acesso negado. (0x5)
[1204/003255.223:ERROR:process_reader_win.cc(151)] SuspendThread: Acesso negado. (0x5)
[1204/003255.223:ERROR:process_reader_win.cc(151)] SuspendThread: Acesso negado. (0x5)
[1204/003255.223:ERROR:process_reader_win.cc(151)] SuspendThread: Acesso negado. (0x5)
[1204/003255.223:ERROR:process_reader_win.cc(151)] SuspendThread: Acesso negado. (0x5)
[1204/003255.223:ERROR:process_reader_win.cc(151)] SuspendThread: Acesso negado. (0x5)
[1204/003255.223:ERROR:process_reader_win.cc(151)] SuspendThread: Acesso negado. (0x5)
[1204/003255.223:ERROR:process_reader_win.cc(151)] SuspendThread: Acesso negado. (0x5)
[1204/003255.223:ERROR:process_reader_win.cc(151)] SuspendThread: Acesso negado. (0x5)
[1204/003255.223:ERROR:process_reader_win.cc(123)] NtOpenThread: {Acesso Negado} Um processo solicitou acesso a um objeto, mas o direito de acesso não lhe foi concedido. (0xc0000022)
[1204/003255.218:ERROR:process_reader_win.cc(123)] NtOpenThread: {Acesso Negado} Um processo solicitou acesso a um objeto, mas o direito de acesso não lhe foi concedido. (0xc0000022)
[1204/003255.369:ERROR:exception_snapshot_win.cc(99)] thread ID 3872 not found in process
[1204/003255.369:ERROR:exception_snapshot_win.cc(99)] thread ID 7996 not found in process
[1204/003255.369:ERROR:scoped_process_suspend.cc(40)] NtResumeProcess: Tentou-se acessar um processo de saída. (0xc000010a)
