Arguments: 
  C:\Program Files\nodejs\node.exe C:\Program Files (x86)\Yarn\bin\yarn.js init

PATH: 
  C:\WINDOWS\system32;C:\WINDOWS;C:\WINDOWS\System32\Wbem;C:\WINDOWS\System32\WindowsPowerShell\v1.0\;C:\WINDOWS\System32\OpenSSH\;C:\Program Files\Git\cmd;C:\Program Files (x86)\Yarn\bin\;%NVM_HOME%;%NVM_SYMLINK%;C:\ProgramData\chocolatey\bin;C:\Program Files\nodejs\;C:\Users\paulo\AppData\Local\Microsoft\WindowsApps;C:\Users\paulo\AppData\Local\Programs\Microsoft VS Code\bin;C:\Users\paulo\AppData\Local\Yarn\bin;C:\Users\paulo\AppData\Roaming\nvm;C:\Program Files\nodejs;C:\Users\paulo\AppData\Local\GitHubDesktop\bin;C:\Users\paulo\AppData\Roaming\npm

Yarn version: 
  1.22.5

Node version: 
  12.19.0

Platform: 
  win32 x64

Trace: 
  Error: canceled
      at Interface.<anonymous> (C:\Program Files (x86)\Yarn\lib\cli.js:137009:13)
      at Interface.emit (events.js:314:20)
      at Interface._ttyWrite (readline.js:868:16)
      at ReadStream.onkeypress (readline.js:205:10)
      at ReadStream.emit (events.js:314:20)
      at emitKeys (internal/readline/utils.js:335:14)
      at emitKeys.next (<anonymous>)
      at ReadStream.onData (readline.js:1137:36)
      at ReadStream.emit (events.js:314:20)
      at addChunk (_stream_readable.js:298:12)

npm manifest: 
  No manifest

yarn manifest: 
  No manifest

Lockfile: 
  No lockfile
